20250411	17:01:06	7291a489-4fb5-4e59-bb05-5de8b1b68238	GET	/	undefined
20250411	17:05:25	db1099d0-b52b-43a9-a3e3-dcbd5b147f71	GET	/healthcheck	undefined
20250411	17:05:42	a5df9e15-f158-436d-9c51-7e490461bf2f	GET	/tasks	undefined
20250411	17:15:45	e1292e8f-ccec-44ec-b230-c46d356ecf23	GET	/tasks	http://localhost:5173
20250411	17:15:45	aad7826b-b25a-4f60-b5db-0a7e148dcab5	GET	/tasks	http://localhost:5173
20250411	17:17:03	cbc1e900-2228-471f-ba3d-23e092745ea2	GET	/tasks	http://localhost:5173
20250411	17:17:03	7878b67a-4c1c-4d90-a828-55fe86232610	GET	/tasks	http://localhost:5173
20250411	17:17:17	6bd78d5e-8f7e-4c1a-a71d-93a586be8759	GET	/tasks	http://localhost:5173
20250411	17:17:19	c30c9377-a13c-4181-b439-cfb9cd64cffa	GET	/tasks	http://localhost:5173
20250411	17:17:23	d29a305e-b7c1-4ed3-bec7-b0e253046daa	GET	/tasks	http://localhost:5173
20250411	17:17:24	d4110da5-ae32-4968-a4c6-36d7d063eec7	GET	/tasks	http://localhost:5173
20250411	17:17:32	b079f145-423c-4eb0-a799-680e4d509f24	GET	/tasks	undefined
20250411	17:19:47	48e3b1d2-8ac7-4a42-ac9e-301a56608de1	GET	/tasks	undefined
20250411	17:20:07	f2b3a562-ac2c-4067-a6af-43a0574cc8d6	GET	/tasks	undefined
20250411	17:23:00	b7ad6e8a-21eb-4475-9a39-1aca17a97ca7	GET	/tasks	http://localhost:5173
20250411	17:23:00	b82bdd74-c347-4ef8-ac30-27ee64c172f1	GET	/tasks	http://localhost:5173
20250411	17:33:01	676a24bb-369d-4b87-aa0c-367263e169d8	GET	/tasks	http://localhost:5173
20250411	17:33:01	dfff7052-3558-4cbb-97f5-3ea3e7aef79b	GET	/tasks	http://localhost:5173
20250411	17:33:26	dd2ccc7b-0b57-4f89-9ba4-d1adcca83335	GET	/tasks	http://localhost:5173
20250411	17:33:26	b5470987-f047-451a-8571-05aa330f87d8	GET	/tasks	http://localhost:5173
20250411	17:40:02	a11bcb31-a8c5-4505-b762-205f86b0aae8	GET	/tasks	http://localhost:5173
20250411	17:40:02	4be591dc-6892-4737-9ead-836eee7d1b53	GET	/tasks	http://localhost:5173
20250411	17:45:04	c5b21e0e-1934-48e2-a11a-abbdda4659ea	GET	/tasks	http://localhost:5173
20250411	17:45:05	6f28a757-650d-4196-97c8-201e9616c90a	GET	/tasks	http://localhost:5173
20250411	17:45:33	5917c00c-89a9-4bbc-ab86-952be275275b	GET	/tasks	http://localhost:5173
20250411	17:45:33	75fbda82-0ea5-4f44-a17e-b22adaebf4bf	GET	/tasks	http://localhost:5173
20250411	17:49:50	cc4c2067-2862-4f51-8f76-e282fd58d751	GET	/tasks	http://localhost:5173
20250411	17:49:50	c084c32f-a616-4457-a0ec-8ae914a0a9d0	GET	/tasks	http://localhost:5173
20250411	17:50:41	33bc1eac-0fee-4f95-9904-1aa1eecbc389	GET	/tasks	http://localhost:5173
20250411	17:50:41	c96c8837-9523-4e68-b39d-4d7e24bb07b4	GET	/tasks	http://localhost:5173
20250411	17:51:52	4b0da716-3557-49e1-8a99-c153db613496	GET	/tasks	http://localhost:5173
20250411	17:51:52	621bc8b3-6ccb-4092-a93d-2194f1e29870	GET	/tasks	http://localhost:5173
20250411	17:51:55	15453dcd-d633-4f3e-9217-b39cca545c43	GET	/tasks	http://localhost:5173
20250411	17:51:55	247ab026-0b24-4cf4-a506-7ebb0e05300d	GET	/tasks	http://localhost:5173
20250411	17:54:21	1cde2e12-9570-46c9-8c87-d1896f09e7bf	GET	/tasks	http://localhost:5173
20250411	17:54:21	115dd6dd-9ac7-4c31-97e8-1a736dea8d1c	GET	/tasks	http://localhost:5173
20250411	17:54:47	903a9cd7-3e71-4a51-a1bd-5c913edbead8	GET	/tasks	http://localhost:5173
20250411	17:54:47	a73b63c0-0e7e-48e0-9685-35f818f52101	GET	/tasks	http://localhost:5173
20250411	17:55:13	67ff5ce1-eee6-439d-a2d5-d02b7f0dba82	GET	/tasks	http://localhost:5173
20250411	17:55:13	98dcbda2-110c-46c1-86d3-b7c800980755	GET	/tasks	http://localhost:5173
20250411	17:55:25	ca723b8c-97a0-4f68-8f56-22f5aee3a867	GET	/tasks	http://localhost:5173
20250411	17:55:25	a9009439-f4c5-431e-a43a-879a7818148c	GET	/tasks	http://localhost:5173
20250411	18:03:48	8964127d-f6f4-4e32-8942-893f4a6447f2	GET	/tasks	http://localhost:5173
20250411	18:03:49	a4ae3717-67c8-470e-beda-30837adc9b27	GET	/tasks	http://localhost:5173
20250411	18:03:53	c3044f8e-4b34-40ea-9233-7f13c4e4c146	GET	/tasks	http://localhost:5173
20250411	18:03:53	1ff9fcfd-bccd-4dd2-9031-dbd946df3bf0	GET	/tasks	http://localhost:5173
20250411	18:04:03	da5e69cc-1f6b-44b1-a254-49e1cd5a9f48	GET	/tasks	http://localhost:5173
20250411	18:04:03	7dd02a15-169d-44e6-bbbd-0ef42315b984	GET	/tasks	http://localhost:5173
20250411	18:04:20	bdccd0af-dbf0-465a-917e-cb845a53f16c	GET	/tasks	http://localhost:5173
20250411	18:04:21	c21ba698-1098-42e1-9902-bd4870731957	GET	/tasks	http://localhost:5173
20250411	18:05:09	61b89911-4fcb-4eb1-81f4-9e096fd6b5c4	GET	/tasks	http://localhost:5173
20250411	18:05:09	8c5c4eae-c466-46cf-b957-8b3afdff4f9c	GET	/tasks	http://localhost:5173
20250411	18:06:26	e752fc6f-d3a5-48c5-ae81-02e1c60bcb88	GET	/tasks	http://localhost:5173
20250411	18:06:26	a8aa2fb7-70a5-453b-bd3d-711683138944	GET	/tasks	http://localhost:5173
20250411	18:07:15	1025a6c8-06c9-4667-b89b-6d4f5fb0e06d	GET	/tasks	http://localhost:5173
20250411	18:07:15	e12a50bd-8970-4dee-961e-f4588f8ee78b	GET	/tasks	http://localhost:5173
20250411	18:15:19	46fc582c-a43a-41df-8609-a6a535ecf711	GET	/tasks	http://localhost:5173
20250411	18:15:19	d8d4529e-e02b-4fe2-a5ff-f04a86ced7a3	GET	/tasks	http://localhost:5173
20250411	18:17:14	f913b53d-8bdd-4f08-a683-5fb2a654c283	GET	/tasks	http://localhost:5173
20250411	18:17:14	3c15f000-b28e-40e2-984f-f12c0466e18d	GET	/tasks	http://localhost:5173
20250411	18:19:25	b3d30c32-47d6-4511-b276-8051f2baf6c1	GET	/tasks	http://localhost:5173
20250411	18:19:26	6ced107e-9ded-4be5-a331-76d1f73e0af1	GET	/tasks	http://localhost:5173
20250411	18:26:09	7d8f8024-7091-411a-9034-ea7f5d6320ed	GET	/tasks	http://localhost:5173
20250411	18:26:10	4d00c04b-3db3-4d1c-a548-5eb61dbd714f	GET	/tasks	http://localhost:5173
20250411	18:33:06	72b31dca-779d-467a-8613-52026d2e67c6	GET	/tasks	http://localhost:5173
20250411	18:33:08	e47997a8-b49b-40f9-bd58-b0a387909a88	GET	/tasks	http://localhost:5173
20250411	18:34:27	9488e455-db7e-4930-96ec-7558ef60e616	GET	/tasks	http://localhost:5173
20250411	18:34:28	665fc7f8-6014-457d-a1f1-e08a324fe287	GET	/tasks	http://localhost:5173
20250411	18:38:24	b38dc852-7002-4ba2-b866-bfed73f027fb	GET	/tasks	http://localhost:5173
20250411	18:38:24	4a161bd7-63a1-44ff-becb-51b00735b5f8	GET	/tasks	http://localhost:5173
20250411	18:38:48	ba9ac257-449e-4f0c-8eb7-151e8af3b697	GET	/tasks	http://localhost:5173
20250411	18:38:48	92db3b13-e06d-43b3-9457-1605afa36274	GET	/tasks	http://localhost:5173
20250411	18:40:28	90615631-d453-468f-9f4b-8ef5afd1ef7d	GET	/tasks	http://localhost:5173
20250411	18:40:28	f8a5ae50-971f-4539-9ec4-7e7bd01768d1	GET	/tasks	http://localhost:5173
20250411	18:40:54	f0033b43-228d-496c-9a9d-03e52e404e66	GET	/tasks	http://localhost:5173
20250411	18:40:54	dd240cd2-c1c4-45a5-ac43-1b1bb0993ed4	GET	/tasks	http://localhost:5173
20250411	18:41:54	f666d45e-dbeb-4845-8595-409a014e3756	GET	/tasks	http://localhost:5173
20250411	18:41:54	8dbae54e-6924-4098-a2b3-b186ef4432c0	GET	/tasks	http://localhost:5173
20250411	18:45:13	6b3e61f9-ae2d-4845-9fa6-397a71f7c204	GET	/tasks	http://localhost:5173
20250411	18:46:23	475c7094-c008-4f76-a6ff-6882ba327728	GET	/tasks	http://localhost:5173
20250411	18:46:23	195e8d3d-745f-428c-9fe9-2570245d717a	GET	/tasks	http://localhost:5173
20250411	18:48:06	4de48c4a-3fa9-4f75-9419-1d103417e19a	GET	/tasks	http://localhost:5173
20250411	18:48:06	1e032111-0c5f-453f-a387-29c551197769	GET	/tasks	http://localhost:5173
20250411	18:48:29	ef4f02c6-a15a-4d36-b2f0-e858ce3cb2b4	GET	/tasks	http://localhost:5173
20250411	18:48:29	26ae81ff-1eb9-49e9-9acb-027248a7b764	GET	/tasks	http://localhost:5173
20250411	18:51:51	32ff1cc2-3087-49aa-9d6d-99e45b31bd8c	GET	/tasks	http://localhost:5173
20250411	18:51:51	4aa9a0d3-14e5-4968-840c-b8217ca217a3	GET	/tasks	http://localhost:5173
20250411	18:52:26	65151929-6cbe-4140-8986-9861455e6a96	GET	/tasks	http://localhost:5173
20250411	18:52:26	c4089104-ef9d-45da-b284-81b3b12797e3	GET	/tasks	http://localhost:5173
20250411	18:53:01	ab6ea9ba-a2db-4397-a44f-5ab51c56b2ed	GET	/tasks	http://localhost:5173
20250411	18:53:01	cbaff989-f7b3-4e9f-89b6-ba587fe2c095	GET	/tasks	http://localhost:5173
20250411	18:57:28	654db8d4-5103-4d01-ae5e-2bda815f40b2	GET	/tasks	http://localhost:5173
20250411	18:57:28	1ed18407-541a-4615-8845-878a7aa25b53	GET	/tasks	http://localhost:5173
20250411	19:06:49	4edd2d04-66da-4781-8eb2-c76b1fd42891	GET	/tasks	http://localhost:5173
20250411	19:08:20	d81b7c5d-007e-46e6-8beb-a98fe21feafe	GET	/tasks	http://localhost:5173
20250411	19:08:20	d1414c87-ea47-4060-98bd-318ae5823cac	GET	/tasks	http://localhost:5173
20250411	19:08:41	80d85c01-e309-4754-8ea0-1d6272611169	GET	/tasks	http://localhost:5173
20250411	19:10:15	7c4b4ce1-37c2-4859-8c78-34f3ca776d01	GET	/tasks	http://localhost:5173
20250411	19:10:15	ec33efbd-e11d-4244-be6a-28c4d4263cdf	GET	/tasks	http://localhost:5173
20250411	19:10:21	4615c10f-186e-4d2f-85f4-6e64dffb9401	GET	/tasks	http://localhost:5173
20250411	19:10:24	0e35942a-fda6-4565-b013-4ad69c748034	GET	/tasks	http://localhost:5173
20250411	19:10:27	1d2d2633-08f2-44dd-be24-a2d402388922	GET	/tasks	http://localhost:5173
20250411	19:10:33	a118f5f9-449f-4221-9a7a-7b3f13fe6b1c	GET	/tasks	http://localhost:5173
20250411	19:16:49	2e7448e8-3d98-47ec-a7fe-1c61031feec5	GET	/tasks	http://localhost:5173
20250411	19:16:49	c5c66ea9-1a39-4607-8efd-c81bb10e3535	GET	/tasks	http://localhost:5173
20250411	19:18:34	084e20ad-9d3d-4a06-9c62-6664cc56dff9	GET	/tasks	http://localhost:5173
20250411	19:18:34	ef88a1a4-dd33-4800-a647-10338e3d88a4	GET	/tasks	http://localhost:5173
20250411	19:19:02	6a9f3cbf-b07d-40c1-82f9-1be6a9ebcb21	GET	/tasks	http://localhost:5173
20250411	19:19:02	5a77a045-dc68-412f-8d78-76e0a349ed8a	GET	/tasks	http://localhost:5173
20250411	19:19:49	03b126f1-17ca-4b22-bb4e-f0fefa5280b2	GET	/tasks	http://localhost:5173
20250411	19:19:49	b337e4df-75d8-404c-96af-1cef4bc0f3fd	GET	/tasks	http://localhost:5173
20250411	19:20:25	354bb778-6330-4513-8c82-2d2abf89b6ce	GET	/tasks	http://localhost:5173
20250411	19:20:25	86c5072e-16fa-49f7-a817-25aa31ea68eb	GET	/tasks	http://localhost:5173
20250411	19:20:40	714f84f3-5508-4ae6-b5ab-4984dc551572	GET	/tasks	http://localhost:5173
20250411	19:20:40	a218d8df-2e74-4d97-b464-8f52502fe9ce	GET	/tasks	http://localhost:5173
20250411	19:20:53	304fbe6b-6eda-467d-b426-491df6b144d7	GET	/tasks	http://localhost:5173
20250411	19:20:53	769d4967-04ff-45dc-b79b-674ab9f08531	GET	/tasks	http://localhost:5173
20250411	19:21:19	648230ce-0f04-46aa-bcce-521a69bd67ad	GET	/tasks	http://localhost:5173
20250411	19:21:19	68efdf3e-2e15-47e7-8768-5470d47dff75	GET	/tasks	http://localhost:5173
20250411	19:21:59	729b06d9-2fc2-48c9-b225-6051be98cedc	GET	/tasks	http://localhost:5173
20250411	19:21:59	5a95da19-083b-4bab-902e-2022202dc365	GET	/tasks	http://localhost:5173
20250411	19:22:21	86c38bee-be3c-459b-a9b2-1c5b6b3b58ba	GET	/tasks	http://localhost:5173
20250411	19:22:21	21502066-376e-4974-b638-beffe05b793a	GET	/tasks	http://localhost:5173
20250411	19:23:17	20058e05-4e4b-4ba1-959c-78898982052b	GET	/tasks	http://localhost:5173
20250411	19:23:17	fbb1d533-7f7e-4367-ac29-9724b6bd3d66	GET	/tasks	http://localhost:5173
20250411	19:49:04	ca5bdc82-c657-4b56-8137-9ff272a86b1d	GET	/tasks	http://localhost:5173
20250411	19:49:04	f331cd82-1188-4c09-9a72-b3bb93a78b9c	GET	/tasks	http://localhost:5173
20250411	19:51:40	6b3f18ed-1c60-4894-8cf2-b140b50bd326	GET	/tasks	http://localhost:5173
20250411	19:51:40	8dac318f-0e15-4795-8bff-312a7070c37a	GET	/tasks	http://localhost:5173
20250411	20:25:30	f23ebb19-4327-48a6-8c47-3ce7f1f7144c	GET	/tasks	http://localhost:5173
20250411	20:25:30	610abd59-1ed4-4579-b5ac-b9f6a7a26805	GET	/tasks	http://localhost:5173
20250411	20:27:13	42482dd3-5b47-46b8-baf5-5bb32db846e9	GET	/tasks	http://localhost:5173
20250411	20:27:13	7816e8e6-df9f-4e1b-a611-e0d343df5f4c	GET	/tasks	http://localhost:5173
20250411	20:28:47	7747c921-e51e-4cf8-8943-bcf4c3d818a0	GET	/tasks	http://localhost:5173
20250411	20:28:47	6cdf9488-a6fa-443e-8f2c-6a7e7aca7467	GET	/tasks	http://localhost:5173
20250411	20:29:27	9a16482a-a04e-44a5-832b-e2af1fcd0963	GET	/tasks	http://localhost:5173
20250411	20:29:27	a9969f4e-5599-48e9-91de-e2c74d361883	GET	/tasks	http://localhost:5173
20250411	20:31:03	5da4996c-3e56-4368-8366-ca539865d3b2	GET	/tasks	http://localhost:5173
20250411	20:31:04	54e1fcce-5977-45c3-bffe-8a58dc4e77b8	GET	/tasks	http://localhost:5173
20250411	20:31:07	a77ce3b2-093b-4dd0-86f9-5332119ee607	GET	/tasks	http://localhost:5173
20250411	20:31:08	57b6cbbc-66a8-4cc3-b184-b6ca8474f34f	GET	/tasks	http://localhost:5173
20250411	20:31:13	4998e25c-ddd6-4353-a637-a878c0cb14dc	GET	/tasks	http://localhost:5173
20250411	20:31:13	ec6a651c-b5d4-4bf7-a520-386a57de34dd	GET	/tasks	http://localhost:5173
20250411	20:33:49	b4ba06c5-92cd-4414-bead-1f201b80520c	GET	/tasks	http://localhost:5173
20250411	20:33:49	21c795e9-d24a-46ca-9789-aa4bf3b2f510	GET	/tasks	http://localhost:5173
20250411	20:34:18	14068407-744c-4b4e-9880-c5eab2214591	GET	/tasks	http://localhost:5173
20250411	20:34:18	363101b7-087e-4ca5-bca4-b83229bc6c8b	GET	/tasks	http://localhost:5173
20250411	20:34:22	9953888d-c81b-4a58-8d93-1ba972784fe4	GET	/tasks	http://localhost:5173
20250411	20:34:22	3632282b-1250-4679-bf1e-86fd580e502c	GET	/tasks	http://localhost:5173
20250411	20:34:29	60db7e8d-12ba-45fa-a0d8-2dabc79f8afc	GET	/tasks	http://localhost:5173
20250411	20:34:29	ca21ae90-0e9b-4c72-8bc9-d840281aca9f	GET	/tasks	http://localhost:5173
20250411	20:36:46	8206905a-d78f-4fe4-9e18-6e009c004f11	GET	/tasks	http://localhost:5173
20250411	20:36:46	cb621b84-96a1-4ada-bb09-bae133a2aff7	GET	/tasks	http://localhost:5173
20250411	20:36:51	a4112621-0969-405c-b662-6535d1f6684d	GET	/tasks	http://localhost:5173
20250411	20:36:53	30371ccb-fe04-4e12-b17a-68bba1081e2e	GET	/tasks	http://localhost:5173
20250411	20:38:11	9a8fe3b1-c4e7-4700-8771-9ba99e6f7603	GET	/tasks	http://localhost:5173
20250411	20:38:11	df496564-8dc6-493b-8db6-a2b86c8f4797	GET	/tasks	http://localhost:5173
20250411	20:38:21	f8376529-7155-4193-8389-90543c51594f	GET	/tasks	http://localhost:5173
20250411	20:38:21	9878f7f5-83ed-4bb1-847a-278d100480f5	GET	/tasks	http://localhost:5173
20250411	20:38:29	44231c6b-c3f4-42f4-870e-0133a1bf895d	GET	/tasks	http://localhost:5173
20250411	20:38:29	85b57b29-2002-4c95-bce3-4371b5500eaf	GET	/tasks	http://localhost:5173
20250411	20:39:03	648da758-1d36-4cf0-aa66-9454b8529bec	GET	/tasks	http://localhost:5173
20250411	20:39:03	52421b94-977a-4f02-98b5-c39084c164c0	GET	/tasks	http://localhost:5173
20250411	20:39:08	87f17568-ace5-427f-818c-e6bf388f13fa	GET	/tasks	http://localhost:5173
20250411	20:39:08	d44329e6-e6ad-49c0-bac4-d908207a8f12	GET	/tasks	http://localhost:5173
20250411	20:40:19	8bea304c-7bc7-4ab9-8dd7-3d3d13dee92f	GET	/tasks	http://localhost:5173
20250411	20:40:19	6ea7641a-1234-4270-a93c-95e7b3ecc267	GET	/tasks	http://localhost:5173
20250411	20:43:47	c7b899ec-3208-4e55-aba5-bc78d8ff0b91	GET	/tasks	http://localhost:5173
20250411	20:43:47	190e0b4a-f3ac-4826-acc3-73e4e82878f5	GET	/tasks	http://localhost:5173
20250411	20:44:09	b4c99566-14fa-4813-97d6-81d7c6459b07	GET	/tasks	http://localhost:5173
20250411	20:44:09	f75eda5b-4b87-467a-9954-902d36a8b7db	GET	/tasks	http://localhost:5173
20250411	20:45:20	3f3fbdb0-fbf9-410a-a795-38a0d5d41bed	GET	/tasks	http://localhost:5173
20250411	20:45:20	2f9d6ce3-686f-48bd-9055-ffc10f36aef7	GET	/tasks	http://localhost:5173
20250411	20:48:22	c4420eca-823a-48e0-a1ba-cf56fd04ae41	GET	/tasks	http://localhost:5173
20250411	20:48:22	4f5dda21-b390-4bc1-8c7e-e14dc3f94df2	GET	/tasks	http://localhost:5173
20250411	20:48:29	9ee54fc5-2195-4a78-a328-acafcfa30cf9	GET	/tasks	http://localhost:5173
20250411	20:48:29	aba84130-d357-4ec7-89fd-c968783d2adf	GET	/tasks	http://localhost:5173
20250411	20:49:59	6f239a9c-cdae-4a8c-ab66-4b2864142c28	GET	/tasks	http://localhost:5173
20250411	20:49:59	5865f68d-4d8a-4f95-9857-4960187c6fa0	GET	/tasks	http://localhost:5173
20250411	20:50:02	585eff2c-9def-460c-a99a-343e677ce0c8	GET	/tasks	http://localhost:5173
20250411	20:50:02	dc1f588a-db26-4d8b-912d-526b32156896	GET	/tasks	http://localhost:5173
20250411	20:53:17	8454b356-2838-4962-900b-8095a99425b9	GET	/tasks	http://localhost:5173
20250411	20:53:17	5d30862e-4201-4b17-9afd-cbf3f7af8a95	GET	/tasks	http://localhost:5173
20250411	20:53:59	0899425e-9629-4d05-947c-b7a891689a01	GET	/tasks	http://localhost:5173
20250411	20:54:00	eed5c2f8-ac47-489e-8db1-133f7d641300	GET	/tasks	http://localhost:5173
20250411	20:54:46	53973170-83f8-4261-9251-87f048c59fd9	GET	/tasks	http://localhost:5173
20250411	20:54:46	339640e5-421d-45ab-b40c-ddfe3d2eaaba	GET	/tasks	http://localhost:5173
20250411	20:54:56	fef345a8-42d0-4f3a-a6be-907514e7f055	GET	/tasks	http://localhost:5173
20250411	20:54:56	9b75b260-aadf-415f-9edd-611542de2873	GET	/tasks	http://localhost:5173
20250411	20:55:20	36b73f00-26ff-4f0f-bb51-26d359fdbe3d	GET	/tasks	http://localhost:5173
20250411	20:55:20	41dede28-237c-4d63-a95e-269205f1a711	GET	/tasks	http://localhost:5173
20250411	21:55:17	26e67a9c-4950-4aae-a976-7b7998bd528a	GET	/tasks	http://localhost:5173
20250411	21:55:17	abcb9504-2519-4166-b77c-2f3a4815edc3	GET	/tasks	http://localhost:5173
20250411	21:55:41	b65657d9-7221-4bbe-a149-b80936e9d032	GET	/tasks	http://localhost:5173
20250411	21:55:41	96f0040d-b998-4600-b046-4d44ac3668b2	GET	/tasks	http://localhost:5173
20250411	22:01:49	f3b30424-cba0-49e2-9fce-33dca6c35d4e	GET	/tasks	http://localhost:5173
20250411	22:01:49	263b9eec-a79a-48ce-b30a-d01ec790e2f4	GET	/tasks	http://localhost:5173
20250411	22:01:57	34ff03e1-32b1-444d-ad4f-f629b5313e32	GET	/tasks	http://localhost:5173
20250411	22:01:58	d0cb1267-d7f6-4e15-8ebb-e4ea2268b946	GET	/tasks	http://localhost:5173
20250411	22:02:07	d4430547-6a26-4ada-afd8-bc68090b656c	GET	/tasks	http://localhost:5173
20250411	22:02:07	2c00d62d-37f3-4acc-9e71-6d5d8c81e01d	GET	/tasks	http://localhost:5173
20250411	22:06:39	43e79410-ea12-4528-8392-5deb4b6a9c92	GET	/tasks	http://localhost:5173
20250411	22:06:39	4b3ce625-b9aa-41f9-8530-8e1051f6f6d0	GET	/tasks	http://localhost:5173
20250411	22:06:42	50a4b011-b9e6-46f8-8daf-ae2da8d31eb0	GET	/tasks	http://localhost:5173
20250411	22:06:42	e5f4d969-0e30-4b83-adb7-9e38e2e7d2a9	GET	/tasks	http://localhost:5173
20250411	22:07:55	56e79046-a6dc-4cf9-a81e-d42cdda7c1c8	GET	/tasks	http://localhost:5173
20250411	22:07:55	891d45e7-afe3-4845-8754-076df5f53536	GET	/tasks	http://localhost:5173
20250411	22:09:11	de957872-c732-4b95-8de2-55e53ed27331	GET	/tasks	http://localhost:5173
20250411	22:09:11	59e67a39-9e99-45f5-b781-e52120498a4b	GET	/tasks	http://localhost:5173
20250411	22:16:02	7c9eccc4-5568-46d3-a833-9f7ba06bd2de	GET	/tasks	http://localhost:5173
20250411	22:16:02	bec23a8e-f1f0-4a82-8dd4-f7543efb4ab3	GET	/tasks	http://localhost:5173
20250411	22:16:23	9cef40bb-d097-4e3f-87d6-5d1d88367b0f	GET	/tasks	http://localhost:5173
20250411	22:16:23	34418959-5be7-455e-92d9-86fedbc88a79	GET	/tasks	http://localhost:5173
20250412	12:36:11	634b7dee-e990-48dd-b752-f55a0368fb83	GET	/tasks	http://localhost:5173
20250412	12:36:11	89b98bfe-cb9a-467f-b920-1b73d7c5a378	GET	/tasks	http://localhost:5173
20250412	12:36:48	6e99f154-e260-42a8-bb4a-8c21018f30ba	GET	/tasks	http://localhost:5173
20250412	12:36:48	ca6db7fa-f224-47a8-b58d-6a2862b7b000	GET	/tasks	http://localhost:5173
20250412	12:38:00	ab499d05-c930-41a7-aaaa-a1c69bf54be3	GET	/tasks	http://localhost:5173
20250412	12:38:00	29c8a1dc-bd72-4abd-99f7-1d3ed6033f0b	GET	/tasks	http://localhost:5173
20250412	12:38:04	9810a533-c234-499f-86b0-d4852fb6d56a	GET	/tasks	http://localhost:5173
20250412	12:38:04	12417c62-5452-408f-a236-dd6c39f95376	GET	/tasks	http://localhost:5173
20250412	12:38:09	72eb993c-4b1b-4535-9d49-89dc34ec973a	GET	/tasks	http://localhost:5173
20250412	12:38:09	d77dbf1e-ea1b-4232-a04f-f6ed89b1557c	GET	/tasks	http://localhost:5173
20250412	12:41:09	de36bcaf-2ce2-46ba-bda8-f1e072f08dbc	GET	/tasks	http://localhost:5173
20250412	12:41:10	62ddebf9-cbd4-491b-8e67-1e1abe7c8af2	GET	/tasks	http://localhost:5173
20250412	12:41:23	6b88e95a-25d3-436b-9c09-b0f318db8bc1	GET	/tasks	http://localhost:5173
20250412	12:41:23	ce23da31-627f-40b8-96ea-161f6422cc82	GET	/tasks	http://localhost:5173
20250412	12:41:34	1005523b-4ede-42b4-9617-13e42125feff	GET	/tasks	http://localhost:5173
20250412	12:41:34	5fd8b1d6-c28f-473e-a11b-faa8dd6e0975	GET	/tasks	http://localhost:5173
20250412	12:43:46	bae26a6d-1739-4f7b-9b95-a1487fb8f8d3	GET	/tasks	http://localhost:5173
20250412	12:43:46	7fd77813-f4aa-43ca-b39f-899403ea10e6	GET	/tasks	http://localhost:5173
20250412	12:44:05	4d02de50-eceb-46d4-99f1-77a622638ee6	GET	/tasks	http://localhost:5173
20250412	12:44:05	db7607d9-c4e6-422a-90ca-7169aaf90bb0	GET	/tasks	http://localhost:5173
20250412	12:44:23	4721bee6-3331-4459-8575-20e43b9a4e35	GET	/tasks	http://localhost:5173
20250412	12:44:23	24fc57ca-abc8-4352-a096-174f947be110	GET	/tasks	http://localhost:5173
20250412	12:46:11	e176cfb3-5b92-4ecf-a3e8-c9e11daca011	GET	/tasks	http://localhost:5173
20250412	12:46:11	b605c57f-940a-4470-980b-b477c13831ba	GET	/tasks	http://localhost:5173
20250412	12:46:18	b607a386-5044-40af-9189-82cfc4fe38b7	GET	/tasks	http://localhost:5173
20250412	12:46:18	86ebd16d-9c8b-4c7b-8974-574d41ef2883	GET	/tasks	http://localhost:5173
20250412	12:46:21	94e3d7c2-ac6a-4910-adf4-b0b85b9995a9	GET	/tasks	http://localhost:5173
20250412	12:46:21	1f895938-c815-4e35-9efa-d2561fa3755f	GET	/tasks	http://localhost:5173
20250412	12:46:52	0d7cf46e-6169-4c0f-b6ce-cbc3b4be507d	GET	/tasks	http://localhost:5173
20250412	12:46:52	7196c5bc-2343-49fa-b7a7-5e3ff57c7706	GET	/tasks	http://localhost:5173
20250412	12:49:22	c633f6f1-1923-4757-882b-e6eeddd7cc82	GET	/tasks	http://localhost:5173
20250412	12:49:22	1ca82ebf-c72b-46e7-9b21-0b52e0c25808	GET	/tasks	http://localhost:5173
20250412	12:49:27	fe844ff4-e045-44aa-8f34-ca6759773144	GET	/tasks	http://localhost:5173
20250412	12:49:27	8f785d9f-f405-4ea7-aa0a-b342e5c91121	GET	/tasks	http://localhost:5173
20250412	12:49:50	5820882a-77d4-4958-8395-2e3cd4ef7304	GET	/tasks	http://localhost:5173
20250412	12:49:50	83e47761-cb1e-4088-a3c0-5d5d0db0af2e	GET	/tasks	http://localhost:5173
20250412	12:51:09	b8ea437c-2a44-40ad-8b0e-a4bb61b7448d	GET	/tasks	http://localhost:5173
20250412	12:51:09	22fd41e6-c586-4596-b402-51a53d64d19d	GET	/tasks	http://localhost:5173
20250412	13:00:19	bbb8edd6-c585-42ed-8f8a-f935d8fd797d	GET	/tasks	http://localhost:5173
20250412	13:00:19	ec8a5837-34e5-4f66-8574-547a9c2b1c71	GET	/tasks	http://localhost:5173
20250412	13:01:22	cdfcff63-3af3-46e3-a4fe-56dfe8c2c041	GET	/tasks	http://localhost:5173
20250412	13:01:23	4e96b245-40cb-42d3-8430-524038dd191f	GET	/tasks	http://localhost:5173
20250412	13:01:28	8ca53eb9-9877-42d7-86d8-ac4eef445686	GET	/tasks	http://localhost:5173
20250412	13:01:28	c715c0e3-a116-45ec-895a-20451b7e2e20	GET	/tasks	http://localhost:5173
20250412	13:02:48	903b47ec-b54f-4572-a956-625f003e1648	GET	/tasks	http://localhost:5173
20250412	13:02:48	36c6af52-d5e7-47b0-b65a-b6dec7f66de2	GET	/tasks	http://localhost:5173
20250412	13:04:19	f739957e-4cd3-4f96-bdad-5cb5b4a56e51	GET	/tasks	http://localhost:5173
20250412	13:04:19	7fb11b93-a46b-426e-b20a-4274e6a40aa9	GET	/tasks	http://localhost:5173
20250412	13:04:43	d4543fc6-b485-41a7-bbea-e166df250c52	GET	/tasks	http://localhost:5173
20250412	13:04:43	e51832cf-2bd6-4c85-aec7-c5d81ffa7b5b	GET	/tasks	http://localhost:5173
20250412	13:09:05	8397533e-b603-426c-9e92-29070d5ef61e	GET	/tasks	http://localhost:5173
20250412	13:09:05	ecc1b012-7ecf-4ecd-aff7-f11e7a92bc2e	GET	/tasks	http://localhost:5173
20250412	13:15:19	9e499b04-2c0e-4c7b-8b73-e57fac643595	GET	/tasks	http://localhost:5173
20250412	13:15:20	27e3a14c-4f95-4110-bf9e-e82b3094d34b	GET	/tasks	http://localhost:5173
20250412	13:15:22	476230cc-add1-43b8-bd6e-b6053c6088da	GET	/tasks	http://localhost:5173
20250412	13:15:22	1c79eddb-971e-4239-95fd-d8bec26b4280	GET	/tasks	http://localhost:5173
20250412	13:38:08	961389a8-1974-4d85-aef6-6ca304d9dc7c	GET	/tasks	http://localhost:5173
20250412	13:38:08	aab54b2c-7974-4e61-8a06-3c79b09e4e94	GET	/tasks	http://localhost:5173
20250412	13:38:43	0f58bed1-935e-4b9d-9eb3-4139fe3468b9	GET	/tasks	http://localhost:5173
20250412	13:38:43	fe7e918e-3cab-4649-9b4e-8ce04b73c225	GET	/tasks	http://localhost:5173
20250412	13:39:00	db7e1c89-1ebf-413a-b643-6002e4a5e39f	GET	/tasks	http://localhost:5173
20250412	13:39:00	9f6ef95d-04b2-46a3-b02e-b98e1d221674	GET	/tasks	http://localhost:5173
20250412	13:39:14	3ae4ed8d-3ee3-4c37-802f-e6def1e2f59e	GET	/tasks	http://localhost:5173
20250412	13:39:14	24b48107-7ce2-484f-9d41-1183330ad06c	GET	/tasks	http://localhost:5173
20250412	13:39:24	4cc7ca46-ef6e-4de0-a1fb-6255d0973053	GET	/tasks	http://localhost:5173
20250412	13:39:25	f17af609-e45f-415c-ae02-5ed52cebb1a3	GET	/tasks	http://localhost:5173
20250412	13:47:12	a5e72d24-ac9f-45ed-a398-a4abb3b6e3ac	GET	/tasks	http://localhost:5173
20250412	13:47:12	3b4d128d-c443-4ae9-ad2f-56d89591b6ba	GET	/tasks	http://localhost:5173
20250412	13:48:05	638ce00d-aaec-44e3-bd15-6657a3d66486	GET	/tasks	http://localhost:5173
20250412	13:48:05	92635035-34f8-40ce-acd4-65a184c889e6	GET	/tasks	http://localhost:5173
20250412	13:48:09	598c60f9-91e9-483d-b00a-eab1ca02dcf2	GET	/tasks	http://localhost:5173
20250412	13:48:09	0bbb9d83-d52d-4d9f-a35e-944393020fd9	GET	/tasks	http://localhost:5173
20250412	14:11:46	702e6921-f577-424f-8d21-ff29f32d0623	GET	/tasks	http://localhost:5173
20250412	14:11:46	cfcb317a-d3ec-48ad-ae41-0a4628eb731d	GET	/tasks	http://localhost:5173
20250412	14:11:53	205e7943-1fc5-47ee-8377-4f97b3068094	GET	/tasks	http://localhost:5173
20250412	14:11:53	0664c211-8f5b-4042-b7d2-84e2c9b59548	GET	/tasks	http://localhost:5173
20250412	14:11:56	a4935c7c-4c54-4858-b536-321dc7b6f9b0	GET	/tasks	http://localhost:5173
20250412	14:11:56	8063988d-1d17-41ad-9552-38f1c779f87b	GET	/tasks	http://localhost:5173
20250412	14:13:02	25c225c1-c7fa-4a20-892c-a3edf9d4becc	GET	/tasks	http://localhost:5173
20250412	14:13:02	e4b09923-6858-439e-943a-f314c0e98a98	GET	/tasks	http://localhost:5173
20250412	14:14:23	17b1172f-2549-46f8-b2b9-00da9da5cfa0	GET	/tasks	http://localhost:5173
20250412	14:14:23	267c3c3f-a28f-4788-8dbd-2ad73c1373f3	GET	/tasks	http://localhost:5173
20250412	14:14:29	51a57265-76d9-4eab-bf2d-0eb36620832c	GET	/tasks	http://localhost:5173
20250412	14:14:30	e9c428da-71e6-4741-9027-1217a57c59a2	GET	/tasks	http://localhost:5173
20250412	14:14:55	24e30ff6-77bf-4532-acbf-1de9a095c7d6	GET	/tasks	http://localhost:5173
20250412	14:14:55	05ac38ea-d54d-4c22-9056-2c1ea6618f45	GET	/tasks	http://localhost:5173
20250412	14:16:09	6a1078fd-de72-4cb3-94ec-151fde181798	GET	/tasks	http://localhost:5173
20250412	14:16:09	d64d1322-1a14-4950-afe3-53767ba58ac0	GET	/tasks	http://localhost:5173
20250412	14:16:14	e56d9a79-b89d-4963-8c6b-714c6c19326d	GET	/tasks	http://localhost:5173
20250412	14:16:14	650b33ec-79d9-4ad7-b50f-86b791d260ee	GET	/tasks	http://localhost:5173
20250412	14:16:45	483a4ce6-0cb4-4de7-88e9-818045d193f6	GET	/tasks	http://localhost:5173
20250412	14:16:45	11005a98-ad40-4f66-9649-c7ee131d2605	GET	/tasks	http://localhost:5173
20250412	14:18:12	43f74bac-7afa-4c78-bbd8-8a61716006e9	GET	/tasks	http://localhost:5173
20250412	14:18:12	27cc3aee-af1a-43b7-892d-14b9d4ee3214	GET	/tasks	http://localhost:5173
20250412	14:21:02	ec39bf1a-8340-4c5d-8c29-3d689475b900	GET	/tasks	http://localhost:5173
20250412	14:21:02	7bb503a4-f3bd-4676-a406-25db1ee97ad3	GET	/tasks	http://localhost:5173
20250412	14:38:26	be4b1ccd-1acc-48d9-85bb-97ac0a947a39	GET	/tasks	http://localhost:5173
20250412	14:38:26	3dd23a33-4c06-447d-9ce4-c9ce513d491f	GET	/tasks	http://localhost:5173
20250412	14:38:43	4b06cefa-79d6-4170-8096-613e4eae8340	GET	/tasks	http://localhost:5173
20250412	14:38:43	ed0f6e4f-c9f9-4500-b761-1e24caa37982	GET	/tasks	http://localhost:5173
20250412	14:38:49	ce6327b0-2305-40fa-8100-64c20dfda6a9	GET	/tasks	http://localhost:5173
20250412	14:38:49	b80c4aee-67f9-4527-935e-064b4e404436	GET	/tasks	http://localhost:5173
20250412	14:38:54	b4b38d89-2132-40db-87bf-de90f1a9ae21	GET	/tasks	http://localhost:5173
20250412	14:38:54	92d3e6a6-f89f-4131-8695-a0d1006b2019	GET	/tasks	http://localhost:5173
20250412	14:38:58	518f0636-ea8e-4e72-b0b5-a5c7e5bda772	GET	/tasks	http://localhost:5173
20250412	14:38:58	80b3eed3-d238-42ac-8d71-61be0d855a40	GET	/tasks	http://localhost:5173
20250412	14:39:03	05bb51f3-a2ff-4074-acbd-dc80c07849f1	GET	/tasks	http://localhost:5173
20250412	14:39:03	e2de440f-77bf-48a6-befd-32d52ddb4c53	GET	/tasks	http://localhost:5173
20250412	14:42:11	f5c0270c-15f1-4e6d-9b95-a472bd5de78e	GET	/tasks	http://localhost:5173
20250412	14:42:11	f90c195f-416c-4162-8d1d-bb3b73cd5fbd	GET	/tasks	http://localhost:5173
20250412	14:43:00	cd7551fa-5551-48cc-a888-af2b5e6c5c1a	GET	/tasks	http://localhost:5173
20250412	14:43:01	e472b72b-537a-474e-a5e9-013d6ccd9bab	GET	/tasks	http://localhost:5173
20250412	14:43:06	3e02f5d3-d1bf-4ae5-af30-c6865b88ebb9	GET	/tasks	http://localhost:5173
20250412	14:43:06	29f0ae8f-9925-4bfe-91f8-cbfbb3fcf4f0	GET	/tasks	http://localhost:5173
20250412	14:43:12	22db470a-cd7d-46ba-8a50-5a4c757f821e	GET	/tasks	http://localhost:5173
20250412	14:43:12	1bfee12b-f13f-4f38-88a1-9ff6500d7d64	GET	/tasks	http://localhost:5173
20250412	14:43:16	6257d7fe-9b73-4625-8376-903a1a093c8e	GET	/tasks	http://localhost:5173
20250412	14:43:16	da2d17bd-00da-43db-b727-7c8baa60fe21	GET	/tasks	http://localhost:5173
20250412	14:43:24	5edc5220-3946-4c37-b1fd-8ff9429340f9	GET	/tasks	http://localhost:5173
20250412	14:43:24	f764c058-7c44-4c33-97a4-0708a85b9bc1	GET	/tasks	http://localhost:5173
20250412	14:45:30	295e6a4f-3296-49c1-8985-f5c99127409f	GET	/tasks	http://localhost:5173
20250412	14:45:30	d2aef9e0-a210-46dc-8acd-b8b894957704	GET	/tasks	http://localhost:5173
20250412	14:49:39	b386d641-78b6-470b-81c3-d2682e0bcb2d	GET	/tasks	http://localhost:5173
20250412	14:49:40	88077359-c659-4a12-b446-2687581066ac	GET	/tasks	http://localhost:5173
20250412	14:49:42	50a430dd-da19-422b-a9bc-49afdd37bcfe	GET	/tasks	http://localhost:5173
20250412	14:49:42	ea46154d-6f35-4cca-945a-fbf83006302e	GET	/tasks	http://localhost:5173
20250412	15:08:10	af816731-2b53-43b4-9c8f-c68bd2da36ea	GET	/tasks	http://localhost:5173
20250412	15:08:10	54e2d2d6-2200-41c6-bce8-5f5064dce514	GET	/tasks	http://localhost:5173
20250412	15:08:12	a17a6562-6dab-423c-9527-0c466626b7e2	GET	/tasks	http://localhost:5173
20250412	15:08:12	e833ab56-5e5f-492e-8f4d-a6d76738ca8b	GET	/tasks	http://localhost:5173
20250412	15:09:55	46d43b9a-c2f4-43d0-b34a-4cb0d01af553	GET	/tasks	http://localhost:5173
20250412	15:09:55	4f18cf39-64bf-43e1-ac3f-5b5ea499ecf2	GET	/tasks	http://localhost:5173
20250412	15:10:34	3ef0de19-a303-4b2e-8f7d-8087d1901c75	GET	/tasks	http://localhost:5173
20250412	15:10:34	72c6ce1c-cff1-47d0-bc3a-b36803080f7d	GET	/tasks	http://localhost:5173
20250412	15:10:40	ec9d83c9-eda2-467b-ba3d-65908e56fac3	GET	/tasks	http://localhost:5173
20250412	15:10:40	6cd72482-2d81-4c72-a34c-8dec2b3d2c4f	GET	/tasks	http://localhost:5173
20250412	15:10:52	54220f79-d8f2-4c29-bf79-966250ce3d63	GET	/tasks	http://localhost:5173
20250412	15:10:52	06cdc8e8-e858-48b2-ae6d-85a2d63c19ba	GET	/tasks	http://localhost:5173
20250412	15:20:50	63e13509-5e30-4ed7-ae6f-6ab5d44cf72b	GET	/tasks	http://localhost:5173
20250412	15:20:50	11cd0f03-06dc-409c-98b6-2b98a848c9e5	GET	/tasks	http://localhost:5173
20250412	15:21:11	fd4caa30-3ce4-4823-987f-a9520309c299	GET	/tasks	http://localhost:5173
20250412	15:21:14	b9d90901-d93c-44dc-b7d6-b9ef2af034b9	GET	/tasks	http://localhost:5173
20250412	15:21:26	049c8b65-826f-4ad3-b378-e3468f4982c2	GET	/tasks	http://localhost:5173
20250412	15:21:41	27dc8632-800c-4d17-a9e5-405a49b58dc6	GET	/tasks	http://localhost:5173
20250412	15:21:41	051d5cdb-6ea6-46f3-aedb-78400b7d96cf	GET	/tasks	http://localhost:5173
20250412	15:21:56	26a5bee1-90b6-4239-bce4-5a6cd5361d87	GET	/tasks	http://localhost:5173
20250412	15:21:56	cbf68edb-f320-49f6-b4bd-613ab0a3e039	GET	/tasks	http://localhost:5173
20250412	15:59:47	04f908d0-4ad4-4de7-8a70-43964007cb9f	GET	/tasks	http://localhost:5173
20250412	15:59:47	7057722e-e560-4753-96e7-a6aba2536fd6	GET	/tasks	http://localhost:5173
20250412	15:59:53	7a1def78-56d8-4c69-b2d4-cbbaa7c82ebb	GET	/tasks	http://localhost:5173
20250412	15:59:53	e075fa1f-f313-4e8f-b78e-168af3350a0b	GET	/tasks	http://localhost:5173
20250412	16:00:12	b4d22004-f0a3-474c-9364-8032c3bad86c	GET	/tasks	http://localhost:5173
20250412	16:00:12	46a89a5d-e414-4ae4-b060-609f36f25f11	GET	/tasks	http://localhost:5173
20250412	16:00:57	f225d27b-0f8e-427a-a094-b086fdd8b9b4	GET	/tasks	http://localhost:5173
20250412	16:00:57	c773df5b-1eb6-4c46-94be-1b66d082ee75	GET	/tasks	http://localhost:5173
20250412	16:02:38	ae47f50d-6c74-407d-a403-3a5eb7eeaa0c	GET	/tasks	http://localhost:5173
20250412	16:02:38	576df818-3ba4-4480-9c2b-ae30b7f4cc37	GET	/tasks	http://localhost:5173
20250412	16:02:38	cc1092ac-b91b-4ee6-b397-90d9da777cc7	GET	/tasks	http://localhost:5173
20250412	16:02:38	8b507aed-eb1d-43ec-9879-6bfe330512d5	GET	/tasks	http://localhost:5173
20250412	16:02:43	76c6f96e-164c-4273-82e3-a9af2f286dcf	GET	/tasks	http://localhost:5173
20250412	16:02:43	5251dd6c-ff7e-4895-ac80-a16578f3ab20	GET	/tasks	http://localhost:5173
20250412	16:03:01	a449ed90-553f-4c6b-b7f3-8b6e6eee6a7f	GET	/tasks	http://localhost:5173
20250412	16:03:01	f64586f9-03f1-426e-91ed-c9685bcf70f5	GET	/tasks	http://localhost:5173
20250412	16:03:07	8de8c064-4922-466f-92f8-c0f6a9b94d42	GET	/tasks	http://localhost:5173
20250412	16:03:08	aa5f789f-e165-4856-8f64-5d742fa591c6	GET	/tasks	http://localhost:5173
20250412	16:07:37	924531f4-8451-4f9b-9bc5-315dfa7ea38f	GET	/tasks	http://localhost:5173
20250412	16:07:37	11c27d70-a1af-4e66-a017-5e8cb5278759	GET	/tasks	http://localhost:5173
20250412	16:07:42	d3df4996-5959-4a53-b904-590798e9b561	GET	/tasks	http://localhost:5173
20250412	16:07:42	f955949e-5225-4251-9f35-e5586d5521ff	GET	/tasks	http://localhost:5173
20250412	16:07:45	3b490939-989c-44f9-b773-af5483ace7b3	GET	/tasks	http://localhost:5173
20250412	16:07:45	648f99f2-fb2a-4c6d-8e7c-c2f1de57a6ab	GET	/tasks	http://localhost:5173
